<?xml version="1.0" encoding="UTF-8"?>
<!-- Generated by org.testng.reporters.JUnitReportReporter -->
<testsuite hostname="DESKTOP-3A129H7" failures="0" tests="1" name="Test.BaseTest" time="77.201" errors="0" timestamp="2023-08-28T11:00:35 IST" skipped="0">
  <testcase classname="Test.BaseTest" name="ValidateBaseTest" time="77.201"/>
  <system-out/>
</testsuite> <!-- Test.BaseTest -->
